  HttpExample.cpp
C:\Users\User\Desktop\Client_Server_Programming\HttpExample\HttpExample\HttpExample.cpp(83,8): warning C4267: 'argument': conversion from 'size_t' to 'int', possible loss of data
C:\Users\User\Desktop\Client_Server_Programming\HttpExample\HttpExample\HttpExample.cpp(119,30): warning C4267: '=': conversion from 'size_t' to 'int', possible loss of data
C:\Users\User\Desktop\Client_Server_Programming\HttpExample\HttpExample\HttpExample.cpp(130,35): warning C4267: '=': conversion from 'size_t' to 'int', possible loss of data
C:\Users\User\Desktop\Client_Server_Programming\HttpExample\HttpExample\HttpExample.cpp(141,32): warning C4267: '=': conversion from 'size_t' to 'int', possible loss of data
C:\Users\User\Desktop\Client_Server_Programming\HttpExample\HttpExample\HttpExample.cpp(151,31): warning C4267: '=': conversion from 'size_t' to 'int', possible loss of data
C:\Users\User\Desktop\Client_Server_Programming\HttpExample\HttpExample\HttpExample.cpp(161,31): warning C4267: '=': conversion from 'size_t' to 'int', possible loss of data
C:\Users\User\Desktop\Client_Server_Programming\HttpExample\HttpExample\HttpExample.cpp(172,32): warning C4267: '=': conversion from 'size_t' to 'int', possible loss of data
C:\Users\User\Desktop\Client_Server_Programming\HttpExample\HttpExample\HttpExample.cpp(179,15): warning C4244: 'argument': conversion from 'double' to '_Elem', possible loss of data
          with
          [
              _Elem=char
          ]
C:\Users\User\Desktop\Client_Server_Programming\HttpExample\HttpExample\HttpExample.cpp(186,36): warning C4267: '=': conversion from 'size_t' to 'int', possible loss of data
C:\Users\User\Desktop\Client_Server_Programming\HttpExample\HttpExample\HttpExample.cpp(193,15): warning C4244: 'argument': conversion from 'double' to '_Elem', possible loss of data
          with
          [
              _Elem=char
          ]
C:\Users\User\Desktop\Client_Server_Programming\HttpExample\HttpExample\HttpExample.cpp(197,36): warning C4267: '=': conversion from 'size_t' to 'int', possible loss of data
C:\Users\User\Desktop\Client_Server_Programming\HttpExample\HttpExample\HttpExample.cpp(204,15): warning C4244: 'argument': conversion from 'double' to '_Elem', possible loss of data
          with
          [
              _Elem=char
          ]
C:\Users\User\Desktop\Client_Server_Programming\HttpExample\HttpExample\HttpExample.cpp(210,35): warning C4267: '=': conversion from 'size_t' to 'int', possible loss of data
C:\Users\User\Desktop\Client_Server_Programming\HttpExample\HttpExample\HttpExample.cpp(220,34): warning C4267: '=': conversion from 'size_t' to 'int', possible loss of data
  HttpExample.vcxproj -> C:\Users\User\Desktop\Client_Server_Programming\HttpExample\x64\Debug\HttpExample.exe
